[
    {
        "Id": "dd07f6441b72b3e7105f99a5e73a62ee43740ee581915a7643b23a9a036682ad",
        "Created": "2020-12-06T10:18:23.678082284Z",
        "Path": "/init",
        "Args": [],
        "State": {
            "Status": "running",
            "Running": true,
            "Paused": false,
            "Restarting": false,
            "OOMKilled": false,
            "Dead": false,
            "Pid": 16767,
            "ExitCode": 0,
            "Error": "",
            "StartedAt": "2020-12-06T10:18:24.285984582Z",
            "FinishedAt": "0001-01-01T00:00:00Z"
        },
        "Image": "sha256:c72bcded50d288ea8afbce8c442531296475d117be1b6c32157bb301e7a0a3e2",
        "ResolvConfPath": "/var/lib/docker/containers/dd07f6441b72b3e7105f99a5e73a62ee43740ee581915a7643b23a9a036682ad/resolv.conf",
        "HostnamePath": "/var/lib/docker/containers/dd07f6441b72b3e7105f99a5e73a62ee43740ee581915a7643b23a9a036682ad/hostname",
        "HostsPath": "/var/lib/docker/containers/dd07f6441b72b3e7105f99a5e73a62ee43740ee581915a7643b23a9a036682ad/hosts",
        "LogPath": "/var/lib/docker/containers/dd07f6441b72b3e7105f99a5e73a62ee43740ee581915a7643b23a9a036682ad/dd07f6441b72b3e7105f99a5e73a62ee43740ee581915a7643b23a9a036682ad-json.log",
        "Name": "/ha",
        "RestartCount": 0,
        "Driver": "overlay2",
        "Platform": "linux",
        "MountLabel": "",
        "ProcessLabel": "",
        "AppArmorProfile": "docker-default",
        "ExecIDs": [
            "3f3be0b60cd7bdfb386fb29c84966bf75150c7f6632df87e595cf1b2ff858036"
        ],
        "HostConfig": {
            "Binds": [],
            "ContainerIDFile": "",
            "LogConfig": {
                "Type": "json-file",
                "Config": {}
            },
            "NetworkMode": "heig",
            "PortBindings": {
                "1936/tcp": [
                    {
                        "HostIp": "",
                        "HostPort": "1936"
                    }
                ],
                "80/tcp": [
                    {
                        "HostIp": "",
                        "HostPort": "80"
                    }
                ],
                "9999/tcp": [
                    {
                        "HostIp": "",
                        "HostPort": "9999"
                    }
                ]
            },
            "RestartPolicy": {
                "Name": "",
                "MaximumRetryCount": 0
            },
            "AutoRemove": false,
            "VolumeDriver": "",
            "VolumesFrom": [],
            "CapAdd": null,
            "CapDrop": null,
            "Capabilities": null,
            "Dns": null,
            "DnsOptions": null,
            "DnsSearch": null,
            "ExtraHosts": null,
            "GroupAdd": null,
            "IpcMode": "private",
            "Cgroup": "",
            "Links": null,
            "OomScoreAdj": 0,
            "PidMode": "",
            "Privileged": false,
            "PublishAllPorts": false,
            "ReadonlyRootfs": false,
            "SecurityOpt": null,
            "UTSMode": "",
            "UsernsMode": "",
            "ShmSize": 67108864,
            "Runtime": "runc",
            "ConsoleSize": [
                0,
                0
            ],
            "Isolation": "",
            "CpuShares": 0,
            "Memory": 0,
            "NanoCpus": 0,
            "CgroupParent": "",
            "BlkioWeight": 0,
            "BlkioWeightDevice": null,
            "BlkioDeviceReadBps": null,
            "BlkioDeviceWriteBps": null,
            "BlkioDeviceReadIOps": null,
            "BlkioDeviceWriteIOps": null,
            "CpuPeriod": 0,
            "CpuQuota": 0,
            "CpuRealtimePeriod": 0,
            "CpuRealtimeRuntime": 0,
            "CpusetCpus": "",
            "CpusetMems": "",
            "Devices": null,
            "DeviceCgroupRules": null,
            "DeviceRequests": null,
            "KernelMemory": 0,
            "KernelMemoryTCP": 0,
            "MemoryReservation": 0,
            "MemorySwap": 0,
            "MemorySwappiness": null,
            "OomKillDisable": false,
            "PidsLimit": null,
            "Ulimits": null,
            "CpuCount": 0,
            "CpuPercent": 0,
            "IOMaximumIOps": 0,
            "IOMaximumBandwidth": 0,
            "MaskedPaths": [
                "/proc/asound",
                "/proc/acpi",
                "/proc/kcore",
                "/proc/keys",
                "/proc/latency_stats",
                "/proc/timer_list",
                "/proc/timer_stats",
                "/proc/sched_debug",
                "/proc/scsi",
                "/sys/firmware"
            ],
            "ReadonlyPaths": [
                "/proc/bus",
                "/proc/fs",
                "/proc/irq",
                "/proc/sys",
                "/proc/sysrq-trigger"
            ]
        },
        "GraphDriver": {
            "Data": {
                "LowerDir": "/var/lib/docker/overlay2/2119d44cefbdb2b1cd700caac22306d9cee1cb52c73f37da960bbf1c544bb350-init/diff:/var/lib/docker/overlay2/691a289388db7062b795372bf956c814eef7504d54f483058135cdad413e0a3f/diff:/var/lib/docker/overlay2/5f40e8081641d4ffd8b8e86472915806fd9199afd1acf688721e4d0d95ed8f01/diff:/var/lib/docker/overlay2/128d5c613aace8aade7ca71e7247fda36a3468977df6e0d856a5d75a2fa45a5f/diff:/var/lib/docker/overlay2/60470d3b96953f6cc2629e968599d8a8a9496bc0620ef18749f2b5f731b9244b/diff:/var/lib/docker/overlay2/0210bc6a3dfb939718b94a45eddc2829bf720456248f44a8b81b133514787ffb/diff:/var/lib/docker/overlay2/b6cf257fdf501e8253a998e3f847bb6446e9458aa5d3f5199a35fb2677264d41/diff:/var/lib/docker/overlay2/e1e423f8e7c652a1f0058e83b895ef3e2b439b94e7bfa08c1db1c3b6f1d738c3/diff:/var/lib/docker/overlay2/a99a4560edd8895834e4affa9c5e8fe7d267bd4f0766352c5cb1431b5b1cd56b/diff:/var/lib/docker/overlay2/07e35a4c48538bfb0d38b6c71eaba33a88e13a6e82878b9c36723b060be3735c/diff:/var/lib/docker/overlay2/e4612cf8006885c3292a0eb84e423e8e683fd087799276e6a4aa8927d1c5f946/diff:/var/lib/docker/overlay2/8746ddc726419d612e8a07142bb12ce2d4efe58b2a867bee108cef22b94d1398/diff:/var/lib/docker/overlay2/e9273f6b1b789143d62fce54d30e3444f4bcf23f2bd89dce949be8a0117483cb/diff:/var/lib/docker/overlay2/f2fd4096a6dea07fb00da4add14315e2852ff3e9c8c87a15320d1a7ba8ecb1ad/diff:/var/lib/docker/overlay2/9a30af5d0d54930ca2b3376da4de31354301a45601522be328cca103dff1ca28/diff:/var/lib/docker/overlay2/17072978a69de998a43521be6f69de580688aceb67c9adfcb159caf3aaeb8395/diff:/var/lib/docker/overlay2/538dc968007c3da8d074bb9ad28a74a94671a2adf0d7b59acb00a0c6775a1424/diff:/var/lib/docker/overlay2/595320d0da11edb367826ecf2cbd92a367d1e033de510b6a25e2afe1554a3f89/diff:/var/lib/docker/overlay2/30afae5f1356cc8664002029aacb0dd6f18a68ca134f2d121dfd831ba1c27073/diff:/var/lib/docker/overlay2/16fd67a5dac3d13e48f4cf9917ab2b3d79083b987c76d67a431a618f82bf2623/diff:/var/lib/docker/overlay2/194c5bc1f78f76ef4b3ca615dd6802b5d5578d8a66c716e021275c5e4e332c5b/diff",
                "MergedDir": "/var/lib/docker/overlay2/2119d44cefbdb2b1cd700caac22306d9cee1cb52c73f37da960bbf1c544bb350/merged",
                "UpperDir": "/var/lib/docker/overlay2/2119d44cefbdb2b1cd700caac22306d9cee1cb52c73f37da960bbf1c544bb350/diff",
                "WorkDir": "/var/lib/docker/overlay2/2119d44cefbdb2b1cd700caac22306d9cee1cb52c73f37da960bbf1c544bb350/work"
            },
            "Name": "overlay2"
        },
        "Mounts": [],
        "Config": {
            "Hostname": "dd07f6441b72",
            "Domainname": "",
            "User": "",
            "AttachStdin": false,
            "AttachStdout": false,
            "AttachStderr": false,
            "ExposedPorts": {
                "1936/tcp": {},
                "7373/tcp": {},
                "7946/tcp": {},
                "80/tcp": {},
                "9999/tcp": {}
            },
            "Tty": false,
            "OpenStdin": false,
            "StdinOnce": false,
            "Env": [
                "WEBAPP_1_IP=192.168.42.11",
                "WEBAPP_2_IP=192.168.42.22",
                "PATH=/usr/local/sbin:/usr/local/bin:/usr/sbin:/usr/bin:/sbin:/bin",
                "HAPROXY_VERSION=2.2.5",
                "HAPROXY_URL=https://www.haproxy.org/download/2.2/src/haproxy-2.2.5.tar.gz",
                "HAPROXY_SHA256=63ad1813e01992d0fbe5ac7ca3e516a53fc62cdb17845d5ac90260031b6dd747",
                "ROLE=balancer"
            ],
            "Cmd": null,
            "Image": "lab04_haproxy",
            "Volumes": null,
            "WorkingDir": "",
            "Entrypoint": [
                "/init"
            ],
            "OnBuild": null,
            "Labels": {
                "Doran": "Kayoumi <doran.kayoumi@heig-vd.ch> & Jérôme Arn <jerome.arn@heig-vd.ch>",
                "com.docker.compose.config-hash": "e0c80ae937308fd79978e7728b50d1773886ae30761eb51cb295dfc2a5bf848e",
                "com.docker.compose.container-number": "1",
                "com.docker.compose.oneoff": "False",
                "com.docker.compose.project": "lab04",
                "com.docker.compose.project.config_files": "docker-compose.yml",
                "com.docker.compose.project.working_dir": "/home/ducky/HEIG-VD/S5/AIT/labo/lab04",
                "com.docker.compose.service": "haproxy",
                "com.docker.compose.version": "1.27.4"
            },
            "StopSignal": "SIGUSR1"
        },
        "NetworkSettings": {
            "Bridge": "",
            "SandboxID": "52627e0cb0a00db35509cfdc21a2e2a06b1977dbea801fc95bedf6a590e108e2",
            "HairpinMode": false,
            "LinkLocalIPv6Address": "",
            "LinkLocalIPv6PrefixLen": 0,
            "Ports": {
                "1936/tcp": [
                    {
                        "HostIp": "0.0.0.0",
                        "HostPort": "1936"
                    }
                ],
                "7373/tcp": null,
                "7946/tcp": null,
                "80/tcp": [
                    {
                        "HostIp": "0.0.0.0",
                        "HostPort": "80"
                    }
                ],
                "9999/tcp": [
                    {
                        "HostIp": "0.0.0.0",
                        "HostPort": "9999"
                    }
                ]
            },
            "SandboxKey": "/var/run/docker/netns/52627e0cb0a0",
            "SecondaryIPAddresses": null,
            "SecondaryIPv6Addresses": null,
            "EndpointID": "",
            "Gateway": "",
            "GlobalIPv6Address": "",
            "GlobalIPv6PrefixLen": 0,
            "IPAddress": "",
            "IPPrefixLen": 0,
            "IPv6Gateway": "",
            "MacAddress": "",
            "Networks": {
                "heig": {
                    "IPAMConfig": {
                        "IPv4Address": "192.168.42.42"
                    },
                    "Links": null,
                    "Aliases": [
                        "haproxy",
                        "dd07f6441b72"
                    ],
                    "NetworkID": "4285b0a933bacac9b472e700a3101c350713f55122e70415b999419e10b4afb8",
                    "EndpointID": "1453b72988c8809731ff14b2d6f1d7d3e603dc90301613562e58463ac9d2b32b",
                    "Gateway": "192.168.42.1",
                    "IPAddress": "192.168.42.42",
                    "IPPrefixLen": 24,
                    "IPv6Gateway": "",
                    "GlobalIPv6Address": "",
                    "GlobalIPv6PrefixLen": 0,
                    "MacAddress": "02:42:c0:a8:2a:2a",
                    "DriverOpts": null
                }
            }
        }
    }
]
